{
  "stats": {
    "suites": 1,
    "tests": 1,
    "passes": 1,
    "pending": 0,
    "failures": 0,
    "start": "2023-05-05T19:19:22.322Z",
    "end": "2023-05-05T19:19:24.725Z",
    "duration": 2403,
    "testsRegistered": 1,
    "passPercent": 100,
    "pendingPercent": 0,
    "other": 0,
    "hasOther": false,
    "skipped": 0,
    "hasSkipped": false
  },
  "results": [
    {
      "uuid": "0aad61bc-cbec-40ad-a052-30c15f98665b",
      "title": "",
      "fullFile": "cypress/integration/frames.spec.js",
      "file": "cypress/integration/frames.spec.js",
      "beforeHooks": [],
      "afterHooks": [],
      "tests": [],
      "suites": [
        {
          "uuid": "cbdac760-5ce8-42b3-aa08-1a5b6ef02521",
          "title": "tests at loading page",
          "fullFile": "",
          "file": "",
          "beforeHooks": [],
          "afterHooks": [],
          "tests": [
            {
              "title": "should return the frame text message if frame is top-middle",
              "fullTitle": "tests at loading page should return the frame text message if frame is top-middle",
              "timedOut": null,
              "duration": 754,
              "state": "passed",
              "speed": "fast",
              "pass": true,
              "fail": false,
              "pending": false,
              "context": null,
              "code": "cy.get(\"frame\").then($iframe => {\n  const $body = $iframe.contents().find(\"frame\");\n  if ($body[1].name.includes(\"middle\")) {\n    console.log(\"MIDDLE\");\n  }\n});",
              "err": {},
              "uuid": "157afd96-290c-43dd-8ac1-23a9bb0fbc1d",
              "parentUUID": "cbdac760-5ce8-42b3-aa08-1a5b6ef02521",
              "isHook": false,
              "skipped": false
            }
          ],
          "suites": [],
          "passes": [
            "157afd96-290c-43dd-8ac1-23a9bb0fbc1d"
          ],
          "failures": [],
          "pending": [],
          "skipped": [],
          "duration": 754,
          "root": false,
          "rootEmpty": false,
          "_timeout": 2000
        }
      ],
      "passes": [],
      "failures": [],
      "pending": [],
      "skipped": [],
      "duration": 0,
      "root": true,
      "rootEmpty": true,
      "_timeout": 2000
    }
  ],
  "meta": {
    "mocha": {
      "version": "7.0.1"
    },
    "mochawesome": {
      "options": {
        "quiet": false,
        "reportFilename": "mochawesome",
        "saveHtml": false,
        "saveJson": true,
        "consoleReporter": "spec",
        "useInlineDiffs": false,
        "code": true
      },
      "version": "7.1.3"
    },
    "marge": {
      "options": {
        "overwrite": false,
        "html": false,
        "json": true
      },
      "version": "6.2.0"
    }
  }
}