{
  "stats": {
    "suites": 1,
    "tests": 3,
    "passes": 3,
    "pending": 0,
    "failures": 0,
    "start": "2023-05-05T19:19:09.502Z",
    "end": "2023-05-05T19:19:17.394Z",
    "duration": 7892,
    "testsRegistered": 3,
    "passPercent": 100,
    "pendingPercent": 0,
    "other": 0,
    "hasOther": false,
    "skipped": 0,
    "hasSkipped": false
  },
  "results": [
    {
      "uuid": "6f424c85-63a0-4205-a8f0-70cd07b5bf7e",
      "title": "",
      "fullFile": "cypress/integration/formAuthenticaton.spec.js",
      "file": "cypress/integration/formAuthenticaton.spec.js",
      "beforeHooks": [],
      "afterHooks": [],
      "tests": [],
      "suites": [
        {
          "uuid": "5c8f744e-2014-4278-8fc9-45a3581e9d2d",
          "title": "tests at login page",
          "fullFile": "",
          "file": "",
          "beforeHooks": [],
          "afterHooks": [],
          "tests": [
            {
              "title": "should login with success",
              "fullTitle": "tests at login page should login with success",
              "timedOut": null,
              "duration": 3886,
              "state": "passed",
              "speed": "fast",
              "pass": true,
              "fail": false,
              "pending": false,
              "context": null,
              "code": "cy.get('#username').type('tomsmith');\ncy.get('#password').type('SuperSecretPassword!');\ncy.get('.radius').click();\ncy.get('#flash').should('contain', 'You logged into a secure area!');\ncy.get('.button').click();",
              "err": {},
              "uuid": "cde6100b-1476-4f88-8396-cb69c3891e7f",
              "parentUUID": "5c8f744e-2014-4278-8fc9-45a3581e9d2d",
              "isHook": false,
              "skipped": false
            },
            {
              "title": "should return error if login is invalid",
              "fullTitle": "tests at login page should return error if login is invalid",
              "timedOut": null,
              "duration": 1470,
              "state": "passed",
              "speed": "fast",
              "pass": true,
              "fail": false,
              "pending": false,
              "context": null,
              "code": "cy.get('#username').type('tomsmith');\ncy.get('#password').type('123');\ncy.get('.radius').click();\ncy.get('#flash').should('contain', 'Your password is invalid!');",
              "err": {},
              "uuid": "4774ad0d-1070-4362-8815-100dd28250c4",
              "parentUUID": "5c8f744e-2014-4278-8fc9-45a3581e9d2d",
              "isHook": false,
              "skipped": false
            },
            {
              "title": "should return error if input is empty",
              "fullTitle": "tests at login page should return error if input is empty",
              "timedOut": null,
              "duration": 1100,
              "state": "passed",
              "speed": "fast",
              "pass": true,
              "fail": false,
              "pending": false,
              "context": null,
              "code": "cy.get('.radius').click();\ncy.get('#flash').should('contain', 'Your username is invalid!');",
              "err": {},
              "uuid": "aa674cce-7b6e-4826-8363-6f2f73a6e242",
              "parentUUID": "5c8f744e-2014-4278-8fc9-45a3581e9d2d",
              "isHook": false,
              "skipped": false
            }
          ],
          "suites": [],
          "passes": [
            "cde6100b-1476-4f88-8396-cb69c3891e7f",
            "4774ad0d-1070-4362-8815-100dd28250c4",
            "aa674cce-7b6e-4826-8363-6f2f73a6e242"
          ],
          "failures": [],
          "pending": [],
          "skipped": [],
          "duration": 6456,
          "root": false,
          "rootEmpty": false,
          "_timeout": 2000
        }
      ],
      "passes": [],
      "failures": [],
      "pending": [],
      "skipped": [],
      "duration": 0,
      "root": true,
      "rootEmpty": true,
      "_timeout": 2000
    }
  ],
  "meta": {
    "mocha": {
      "version": "7.0.1"
    },
    "mochawesome": {
      "options": {
        "quiet": false,
        "reportFilename": "mochawesome",
        "saveHtml": false,
        "saveJson": true,
        "consoleReporter": "spec",
        "useInlineDiffs": false,
        "code": true
      },
      "version": "7.1.3"
    },
    "marge": {
      "options": {
        "overwrite": false,
        "html": false,
        "json": true
      },
      "version": "6.2.0"
    }
  }
}