{
  "stats": {
    "suites": 1,
    "tests": 1,
    "passes": 1,
    "pending": 0,
    "failures": 0,
    "start": "2023-05-05T19:18:54.039Z",
    "end": "2023-05-05T19:19:04.191Z",
    "duration": 10152,
    "testsRegistered": 1,
    "passPercent": 100,
    "pendingPercent": 0,
    "other": 0,
    "hasOther": false,
    "skipped": 0,
    "hasSkipped": false
  },
  "results": [
    {
      "uuid": "461deec9-0bf8-4c2e-a2b2-72aa96dfc0d1",
      "title": "",
      "fullFile": "cypress/integration/dynamicLoading.spec.js",
      "file": "cypress/integration/dynamicLoading.spec.js",
      "beforeHooks": [],
      "afterHooks": [],
      "tests": [],
      "suites": [
        {
          "uuid": "dbd4c742-9fc8-4c22-8bf0-349e87d87c08",
          "title": "tests at loading page",
          "fullFile": "",
          "file": "",
          "beforeHooks": [],
          "afterHooks": [],
          "tests": [
            {
              "title": "should contain the message Hello World after the loading",
              "fullTitle": "tests at loading page should contain the message Hello World after the loading",
              "timedOut": null,
              "duration": 7196,
              "state": "passed",
              "speed": "medium",
              "pass": true,
              "fail": false,
              "pending": false,
              "context": null,
              "code": "cy.get(\"button\").click();\ncy.get(\"#finish > h4\", {\n  timeout: 5000\n}).should(\"contain\", \"Hello World!\");",
              "err": {},
              "uuid": "2657e156-667a-430e-9a03-0790d1bdcd47",
              "parentUUID": "dbd4c742-9fc8-4c22-8bf0-349e87d87c08",
              "isHook": false,
              "skipped": false
            }
          ],
          "suites": [],
          "passes": [
            "2657e156-667a-430e-9a03-0790d1bdcd47"
          ],
          "failures": [],
          "pending": [],
          "skipped": [],
          "duration": 7196,
          "root": false,
          "rootEmpty": false,
          "_timeout": 2000
        }
      ],
      "passes": [],
      "failures": [],
      "pending": [],
      "skipped": [],
      "duration": 0,
      "root": true,
      "rootEmpty": true,
      "_timeout": 2000
    }
  ],
  "meta": {
    "mocha": {
      "version": "7.0.1"
    },
    "mochawesome": {
      "options": {
        "quiet": false,
        "reportFilename": "mochawesome",
        "saveHtml": false,
        "saveJson": true,
        "consoleReporter": "spec",
        "useInlineDiffs": false,
        "code": true
      },
      "version": "7.1.3"
    },
    "marge": {
      "options": {
        "overwrite": false,
        "html": false,
        "json": true
      },
      "version": "6.2.0"
    }
  }
}